[2026-03-13 13:09:03] [32minfo[39m: [32m✅ MongoDB Connected: localhost[39m
[2026-03-13 13:09:03] [32minfo[39m: [32m🚀 Server running in development mode on port 5000[39m
[2026-03-13 13:09:03] [32minfo[39m: [32m🔗 Health check: http://localhost:5000/api/health[39m
[2026-03-13 13:09:03] [32minfo[39m: [32m🔌 Socket.io ready[39m
[2026-03-13 13:15:43] [32minfo[39m: [32m[39m
[32m⚠️  SIGINT received. Shutting down gracefully...[39m
[2026-03-18 12:35:00] [32minfo[39m: [32m✅ MongoDB Connected: localhost[39m
[2026-03-18 12:35:00] [32minfo[39m: [32m🚀 Server running in development mode on port 5000[39m
[2026-03-18 12:35:00] [32minfo[39m: [32m🔗 Health check: http://localhost:5000/api/health[39m
[2026-03-18 12:35:00] [32minfo[39m: [32m🔌 Socket.io ready[39m
[2026-03-18 15:06:00] [32minfo[39m: [32m✅ MongoDB Connected: localhost[39m
[2026-03-18 15:06:00] [32minfo[39m: [32m🚀 Server running in development mode on port 5000[39m
[2026-03-18 15:06:00] [32minfo[39m: [32m🔗 Health check: http://localhost:5000/api/health[39m
[2026-03-18 15:06:00] [32minfo[39m: [32m🔌 Socket.io ready[39m
[2026-03-18 16:30:24] [32minfo[39m: [32m✅ MongoDB Connected: localhost[39m
[2026-03-18 16:30:24] [32minfo[39m: [32m🚀 Server running in development mode on port 5000[39m
[2026-03-18 16:30:24] [32minfo[39m: [32m🔗 Health check: http://localhost:5000/api/health[39m
[2026-03-18 16:30:24] [32minfo[39m: [32m🔌 Socket.io ready[39m
[2026-03-19 16:01:28] [32minfo[39m: [32m✅ MongoDB Connected: localhost[39m
[2026-03-19 16:01:28] [32minfo[39m: [32m🚀 Server running in development mode on port 5000[39m
[2026-03-19 16:01:28] [32minfo[39m: [32m🔗 Health check: http://localhost:5000/api/health[39m
[2026-03-19 16:01:28] [32minfo[39m: [32m🔌 Socket.io ready[39m
[2026-03-20 09:15:26] [33mwarn[39m: [33m⚠️  MongoDB disconnected. Attempting to reconnect...[39m
[2026-03-20 09:18:37] [33mwarn[39m: [33m⚠️  MongoDB disconnected. Attempting to reconnect...[39m
[2026-03-20 09:30:24] [33mwarn[39m: [33m⚠️  MongoDB disconnected. Attempting to reconnect...[39m
[2026-03-20 09:37:58] [33mwarn[39m: [33m⚠️  MongoDB disconnected. Attempting to reconnect...[39m
[2026-03-20 09:39:03] [33mwarn[39m: [33m⚠️  MongoDB disconnected. Attempting to reconnect...[39m
[2026-03-20 10:00:16] [32minfo[39m: [32m✅ MongoDB Connected: ac-euqjpau-shard-00-00.nfljew1.mongodb.net[39m
[2026-03-20 10:00:16] [32minfo[39m: [32m🚀 Server running in development mode on port 5000[39m
[2026-03-20 10:00:16] [32minfo[39m: [32m🔗 Health check: http://localhost:5000/api/health[39m
[2026-03-20 10:00:16] [32minfo[39m: [32m🔌 Socket.io ready[39m
[2026-03-20 14:30:36] [32minfo[39m: [32m✅ MongoDB Connected: ac-euqjpau-shard-00-00.nfljew1.mongodb.net[39m
[2026-03-20 14:30:36] [32minfo[39m: [32m🚀 Server running in development mode on port 5000[39m
[2026-03-20 14:30:36] [32minfo[39m: [32m🔗 Health check: http://localhost:5000/api/health[39m
[2026-03-20 14:30:36] [32minfo[39m: [32m🔌 Socket.io ready[39m
[2026-03-20 17:03:46] [32minfo[39m: [32m✅ MongoDB Connected: ac-euqjpau-shard-00-00.nfljew1.mongodb.net[39m
[2026-03-20 17:03:46] [32minfo[39m: [32m🚀 Server running in development mode on port 5000[39m
[2026-03-20 17:03:46] [32minfo[39m: [32m🔗 Health check: http://localhost:5000/api/health[39m
[2026-03-20 17:03:46] [32minfo[39m: [32m🔌 Socket.io ready[39m
[2026-03-20 17:03:55] [32minfo[39m: [32m✅ MongoDB Connected: ac-euqjpau-shard-00-00.nfljew1.mongodb.net[39m
[2026-03-20 17:03:55] [32minfo[39m: [32m🚀 Server running in development mode on port 5000[39m
[2026-03-20 17:03:55] [32minfo[39m: [32m🔗 Health check: http://localhost:5000/api/health[39m
[2026-03-20 17:03:55] [32minfo[39m: [32m🔌 Socket.io ready[39m
[2026-03-20 17:04:26] [32minfo[39m: [32m✅ MongoDB Connected: ac-euqjpau-shard-00-00.nfljew1.mongodb.net[39m
[2026-03-20 17:04:26] [32minfo[39m: [32m🚀 Server running in development mode on port 5000[39m
[2026-03-20 17:04:26] [32minfo[39m: [32m🔗 Health check: http://localhost:5000/api/health[39m
[2026-03-20 17:04:26] [32minfo[39m: [32m🔌 Socket.io ready[39m
[2026-03-20 17:16:01] [32minfo[39m: [32m✅ MongoDB Connected: ac-euqjpau-shard-00-00.nfljew1.mongodb.net[39m
[2026-03-20 17:16:01] [32minfo[39m: [32m🚀 Server running in development mode on port 5000[39m
[2026-03-20 17:16:01] [32minfo[39m: [32m🔗 Health check: http://localhost:5000/api/health[39m
[2026-03-20 17:16:01] [32minfo[39m: [32m🔌 Socket.io ready[39m
[2026-03-23 10:29:05] [32minfo[39m: [32m✅ MongoDB Connected: ac-euqjpau-shard-00-00.nfljew1.mongodb.net[39m
[2026-03-23 10:29:05] [32minfo[39m: [32m🚀 Server running in development mode on port 5000[39m
[2026-03-23 10:29:05] [32minfo[39m: [32m🔗 Health check: http://localhost:5000/api/health[39m
[2026-03-23 10:29:05] [32minfo[39m: [32m🔌 Socket.io ready[39m
[2026-03-23 14:10:41] [33mwarn[39m: [33m⚠️  MongoDB disconnected. Attempting to reconnect...[39m
[2026-03-23 14:21:57] [32minfo[39m: [32m✅ MongoDB Connected: ac-euqjpau-shard-00-00.nfljew1.mongodb.net[39m
[2026-03-23 14:21:57] [32minfo[39m: [32m🚀 Server running in development mode on port 5000[39m
[2026-03-23 14:21:57] [32minfo[39m: [32m🔗 Health check: http://localhost:5000/api/health[39m
[2026-03-23 14:21:57] [32minfo[39m: [32m🔌 Socket.io ready[39m
[2026-03-23 14:26:47] [32minfo[39m: [32m✅ MongoDB reconnected successfully.[39m
[2026-03-23 14:26:47] [32minfo[39m: [32m✅ MongoDB reconnected successfully.[39m
[2026-03-23 14:26:58] [33mwarn[39m: [33m⚠️  MongoDB disconnected. Attempting to reconnect...[39m
[2026-03-23 14:26:58] [32minfo[39m: [32m✅ MongoDB reconnected successfully.[39m
[2026-03-23 16:08:36] [32minfo[39m: [32m✅ MongoDB Connected: ac-euqjpau-shard-00-00.nfljew1.mongodb.net[39m
[2026-03-23 16:08:37] [32minfo[39m: [32m🚀 Server running in development mode on port 5000[39m
[2026-03-23 16:08:37] [32minfo[39m: [32m🔗 Health check: http://localhost:5000/api/health[39m
[2026-03-23 16:08:37] [32minfo[39m: [32m🔌 Socket.io ready[39m
[2026-03-23 16:58:47] [32minfo[39m: [32m✅ MongoDB Connected: ac-euqjpau-shard-00-00.nfljew1.mongodb.net[39m
[2026-03-23 16:58:47] [32minfo[39m: [32m🚀 Server running in development mode on port 5000[39m
[2026-03-23 16:58:47] [32minfo[39m: [32m🔗 Health check: http://localhost:5000/api/health[39m
[2026-03-23 16:58:47] [32minfo[39m: [32m🔌 Socket.io ready[39m
[2026-03-23 17:19:07] [32minfo[39m: [32m✅ MongoDB Connected: ac-euqjpau-shard-00-00.nfljew1.mongodb.net[39m
[2026-03-23 17:19:07] [32minfo[39m: [32m🚀 Server running in development mode on port 5000[39m
[2026-03-23 17:19:07] [32minfo[39m: [32m🔗 Health check: http://localhost:5000/api/health[39m
[2026-03-23 17:19:07] [32minfo[39m: [32m🔌 Socket.io ready[39m
[2026-03-23 17:19:36] [32minfo[39m: [32m[39m
[32m⚠️  SIGINT received. Shutting down gracefully...[39m
[2026-03-23 17:19:59] [32minfo[39m: [32m✅ MongoDB Connected: ac-euqjpau-shard-00-00.nfljew1.mongodb.net[39m
[2026-03-23 17:19:59] [32minfo[39m: [32m🚀 Server running in development mode on port 5000[39m
[2026-03-23 17:19:59] [32minfo[39m: [32m🔗 Health check: http://localhost:5000/api/health[39m
[2026-03-23 17:19:59] [32minfo[39m: [32m🔌 Socket.io ready[39m
[2026-03-23 22:26:53] [32minfo[39m: [32m✅ MongoDB reconnected successfully.[39m
[2026-03-23 22:26:54] [32minfo[39m: [32m✅ MongoDB reconnected successfully.[39m
[2026-03-23 22:27:04] [33mwarn[39m: [33m⚠️  MongoDB disconnected. Attempting to reconnect...[39m
[2026-03-23 22:27:06] [32minfo[39m: [32m✅ MongoDB reconnected successfully.[39m
[2026-03-24 08:38:10] [32minfo[39m: [32m✅ MongoDB Connected: ac-euqjpau-shard-00-00.nfljew1.mongodb.net[39m
[2026-03-24 08:38:10] [32minfo[39m: [32m🚀 Server running in development mode on port 5000[39m
[2026-03-24 08:38:10] [32minfo[39m: [32m🔗 Health check: http://localhost:5000/api/health[39m
[2026-03-24 08:38:10] [32minfo[39m: [32m🔌 Socket.io ready[39m
[2026-03-24 15:35:40] [32minfo[39m: [32m✅ MongoDB reconnected successfully.[39m
[2026-03-24 15:35:51] [33mwarn[39m: [33m⚠️  MongoDB disconnected. Attempting to reconnect...[39m
[2026-03-24 15:35:55] [32minfo[39m: [32m✅ MongoDB reconnected successfully.[39m
[2026-03-27 07:01:50] [32minfo[39m: [32m✅ MongoDB Connected: ac-euqjpau-shard-00-00.nfljew1.mongodb.net[39m
[2026-03-27 07:01:50] [32minfo[39m: [32m🚀 Server running in development mode on port 5000[39m
[2026-03-27 07:01:50] [32minfo[39m: [32m🔗 Health check: http://localhost:5000/api/health[39m
[2026-03-27 07:01:50] [32minfo[39m: [32m🔌 Socket.io ready[39m
[2026-03-27 11:34:40] [32minfo[39m: [32m✅ MongoDB Connected: ac-euqjpau-shard-00-00.nfljew1.mongodb.net[39m
[2026-03-27 11:34:40] [32minfo[39m: [32m🚀 Server running in development mode on port 5000[39m
[2026-03-27 11:34:40] [32minfo[39m: [32m🔗 Health check: http://localhost:5000/api/health[39m
[2026-03-27 11:34:40] [32minfo[39m: [32m🔌 Socket.io ready[39m
[2026-03-30 08:58:32] [32minfo[39m: [32m✅ MongoDB Connected: ac-euqjpau-shard-00-00.nfljew1.mongodb.net[39m
[2026-03-30 08:58:32] [32minfo[39m: [32m🚀 Server running in development mode on port 5000[39m
[2026-03-30 08:58:32] [32minfo[39m: [32m🔗 Health check: http://localhost:5000/api/health[39m
[2026-03-30 08:58:32] [32minfo[39m: [32m🔌 Socket.io ready[39m
[2026-03-30 09:16:31] [33mwarn[39m: [33m⚠️  MongoDB disconnected. Attempting to reconnect...[39m
[2026-03-30 09:16:42] [32minfo[39m: [32m✅ MongoDB reconnected successfully.[39m
[2026-03-30 09:48:58] [32minfo[39m: [32m✅ MongoDB Connected: ac-euqjpau-shard-00-00.nfljew1.mongodb.net[39m
[2026-03-30 09:48:58] [32minfo[39m: [32m🚀 Server running in development mode on port 5000[39m
[2026-03-30 09:48:58] [32minfo[39m: [32m🔗 Health check: http://localhost:5000/api/health[39m
[2026-03-30 09:48:58] [32minfo[39m: [32m🔌 Socket.io ready[39m
[2026-03-30 10:50:40] [32minfo[39m: [32m✅ MongoDB Connected: ac-euqjpau-shard-00-00.nfljew1.mongodb.net[39m
[2026-03-30 10:50:40] [32minfo[39m: [32m🚀 Server running in development mode on port 5000[39m
[2026-03-30 10:50:40] [32minfo[39m: [32m🔗 Health check: http://localhost:5000/api/health[39m
[2026-03-30 10:50:40] [32minfo[39m: [32m🔌 Socket.io ready[39m
[2026-03-30 11:44:19] [32minfo[39m: [32m✅ MongoDB Connected: ac-euqjpau-shard-00-00.nfljew1.mongodb.net[39m
[2026-03-30 11:44:19] [32minfo[39m: [32m🚀 Server running in development mode on port 5000[39m
[2026-03-30 11:44:19] [32minfo[39m: [32m🔗 Health check: http://localhost:5000/api/health[39m
[2026-03-30 11:44:19] [32minfo[39m: [32m🔌 Socket.io ready[39m
[2026-03-30 13:09:43] [33mwarn[39m: [33m⚠️  MongoDB disconnected. Attempting to reconnect...[39m
[2026-03-30 13:12:58] [32minfo[39m: [32m✅ MongoDB reconnected successfully.[39m
[2026-03-30 13:14:58] [32minfo[39m: [32m✅ MongoDB reconnected successfully.[39m
[2026-03-30 13:15:16] [32minfo[39m: [32m✅ MongoDB reconnected successfully.[39m
[2026-03-30 13:15:17] [32minfo[39m: [32m✅ MongoDB reconnected successfully.[39m
[2026-03-30 13:17:22] [33mwarn[39m: [33m⚠️  MongoDB disconnected. Attempting to reconnect...[39m
[2026-03-30 13:17:24] [32minfo[39m: [32m✅ MongoDB reconnected successfully.[39m
[2026-03-30 14:23:12] [33mwarn[39m: [33m⚠️  MongoDB disconnected. Attempting to reconnect...[39m
[2026-03-30 14:23:23] [32minfo[39m: [32m✅ MongoDB reconnected successfully.[39m
[2026-03-30 14:43:03] [32minfo[39m: [32m✅ MongoDB Connected: ac-euqjpau-shard-00-00.nfljew1.mongodb.net[39m
[2026-03-30 14:43:03] [32minfo[39m: [32m🚀 Server running in development mode on port 5000[39m
[2026-03-30 14:43:03] [32minfo[39m: [32m🔗 Health check: http://localhost:5000/api/health[39m
[2026-03-30 14:43:03] [32minfo[39m: [32m🔌 Socket.io ready[39m
[2026-03-31 04:21:29] [32minfo[39m: [32m✅ MongoDB Connected: ac-euqjpau-shard-00-00.nfljew1.mongodb.net[39m
[2026-03-31 04:21:29] [32minfo[39m: [32m🚀 Server running in development mode on port 5000[39m
[2026-03-31 04:21:29] [32minfo[39m: [32m🔗 Health check: http://localhost:5000/api/health[39m
[2026-03-31 04:21:29] [32minfo[39m: [32m🔌 Socket.io ready[39m
[2026-03-31 06:47:18] [32minfo[39m: [32m✅ MongoDB Connected: ac-euqjpau-shard-00-00.nfljew1.mongodb.net[39m
[2026-03-31 06:47:18] [32minfo[39m: [32m🚀 Server running in development mode on port 5000[39m
[2026-03-31 06:47:19] [32minfo[39m: [32m🔗 Health check: http://localhost:5000/api/health[39m
[2026-03-31 06:47:19] [32minfo[39m: [32m🔌 Socket.io ready[39m
[2026-03-31 07:50:22] [32minfo[39m: [32m✅ MongoDB Connected: ac-euqjpau-shard-00-00.nfljew1.mongodb.net[39m
[2026-03-31 07:50:22] [32minfo[39m: [32m🚀 Server running in development mode on port 5000[39m
[2026-03-31 07:50:22] [32minfo[39m: [32m🔗 Health check: http://localhost:5000/api/health[39m
[2026-03-31 07:50:22] [32minfo[39m: [32m🔌 Socket.io ready[39m
[2026-03-31 13:51:30] [32minfo[39m: [32m✅ MongoDB Connected: ac-euqjpau-shard-00-00.nfljew1.mongodb.net[39m
[2026-03-31 13:51:30] [32minfo[39m: [32m🚀 Server running in development mode on port 5000[39m
[2026-03-31 13:51:30] [32minfo[39m: [32m🔗 Health check: http://localhost:5000/api/health[39m
[2026-03-31 13:51:30] [32minfo[39m: [32m🔌 Socket.io ready[39m
[2026-03-31 15:22:21] [32minfo[39m: [32m✅ MongoDB Connected: ac-euqjpau-shard-00-00.nfljew1.mongodb.net[39m
[2026-03-31 15:22:21] [32minfo[39m: [32m🚀 Server running in development mode on port 5000[39m
[2026-03-31 15:22:21] [32minfo[39m: [32m🔗 Health check: http://localhost:5000/api/health[39m
[2026-03-31 15:22:21] [32minfo[39m: [32m🔌 Socket.io ready[39m
[2026-03-31 16:35:36] [32minfo[39m: [32m✅ MongoDB reconnected successfully.[39m
[2026-03-31 16:35:37] [32minfo[39m: [32m✅ MongoDB reconnected successfully.[39m
[2026-03-31 16:50:19] [33mwarn[39m: [33m⚠️  MongoDB disconnected. Attempting to reconnect...[39m
[2026-03-31 16:50:19] [32minfo[39m: [32m✅ MongoDB reconnected successfully.[39m
[2026-03-31 17:43:52] [32minfo[39m: [32m✅ MongoDB Connected: ac-euqjpau-shard-00-00.nfljew1.mongodb.net[39m
[2026-03-31 17:43:52] [32minfo[39m: [32m🚀 Server running in development mode on port 5000[39m
[2026-03-31 17:43:52] [32minfo[39m: [32m🔗 Health check: http://localhost:5000/api/health[39m
[2026-03-31 17:43:52] [32minfo[39m: [32m🔌 Socket.io ready[39m
[2026-04-01 14:56:26] [32minfo[39m: [32m✅ MongoDB Connected: ac-euqjpau-shard-00-00.nfljew1.mongodb.net[39m
[2026-04-01 14:56:26] [32minfo[39m: [32m🚀 Server running in development mode on port 5000[39m
[2026-04-01 14:56:26] [32minfo[39m: [32m🔗 Health check: http://localhost:5000/api/health[39m
[2026-04-01 14:56:26] [32minfo[39m: [32m🔌 Socket.io ready[39m
[2026-04-01 16:42:53] [32minfo[39m: [32m✅ MongoDB Connected: ac-euqjpau-shard-00-00.nfljew1.mongodb.net[39m
[2026-04-01 16:42:53] [32minfo[39m: [32m🚀 Server running in development mode on port 5000[39m
[2026-04-01 16:42:53] [32minfo[39m: [32m🔗 Health check: http://localhost:5000/api/health[39m
[2026-04-01 16:42:53] [32minfo[39m: [32m🔌 Socket.io ready[39m
[2026-04-01 16:47:21] [32minfo[39m: [32m[39m
[32m⚠️  SIGINT received. Shutting down gracefully...[39m
